<?xml version="1.0" encoding="UTF-8"?>
<testsuite name="org.rvsoftworks.CommandListenerTest" tests="1" skipped="0" failures="0" errors="0" timestamp="2025-09-14T15:08:16.691Z" hostname="DESKTOP-DGCQR3R" time="0.455">
  <properties/>
  <testcase name="test()" classname="org.rvsoftworks.CommandListenerTest" time="0.455"/>
  <system-out><![CDATA[12:08:15.452 [Test worker] INFO  AnnotationConfigContextLoaderUtils - Could not detect default configuration classes for test class [org.rvsoftworks.CommandListenerTest]: CommandListenerTest does not declare any static, non-private, non-final, nested classes annotated with @Configuration.
12:08:15.528 [Test worker] INFO  SpringBootTestContextBootstrapper - Found @SpringBootConfiguration org.rvsoftworks.ReemAgentApplication for test class org.rvsoftworks.CommandListenerTest

  .   ____          _            __ _ _
 /\\ / ___'_ __ _ _(_)_ __  __ _ \ \ \ \
( ( )\___ | '_ | '_| | '_ \/ _` | \ \ \ \
 \\/  ___)| |_)| | | | | || (_| |  ) ) ) )
  '  |____| .__|_| |_|_| |_\__, | / / / /
 =========|_|==============|___/=/_/_/_/

 :: Spring Boot ::                (v3.5.5)

12:08:15.809 [Test worker] INFO  CommandListenerTest - Starting CommandListenerTest using Java 21.0.8 with PID 30080 (started by Rafael in C:\Users\Rafael\git\personal\REEM-Agent)
12:08:15.811 [Test worker] INFO  CommandListenerTest - No active profile set, falling back to 1 default profile: "default"
12:08:16.688 [Test worker] INFO  CommandListenerTest - Started CommandListenerTest in 1.063 seconds (process running for 2.157)
IP Local: 192.168.1.240
]]></system-out>
  <system-err><![CDATA[Mockito is currently self-attaching to enable the inline-mock-maker. This will no longer work in future releases of the JDK. Please add Mockito as an agent to your build as described in Mockito's documentation: https://javadoc.io/doc/org.mockito/mockito-core/latest/org.mockito/org/mockito/Mockito.html#0.3
WARNING: A Java agent has been loaded dynamically (C:\Users\Rafael\.gradle\caches\modules-2\files-2.1\net.bytebuddy\byte-buddy-agent\1.17.7\fbf3d6d649ed37fc9e9c59480a05be0a26e3c2da\byte-buddy-agent-1.17.7.jar)
WARNING: If a serviceability tool is in use, please run with -XX:+EnableDynamicAgentLoading to hide this warning
WARNING: If a serviceability tool is not in use, please run with -Djdk.instrument.traceUsage for more information
WARNING: Dynamic loading of agents will be disallowed by default in a future release
]]></system-err>
</testsuite>
